<?xml version="1.0" encoding="UTF-8"?>
<!-- Generated by org.testng.reporters.JUnitReportReporter -->
<testsuite hostname="CoderGirl" failures="0" tests="2" name="APITests" time="6.915" errors="0" timestamp="2024-04-13T11:17:44 CDT" skipped="0">
  <testcase classname="APITests" name="getUsers" time="0.859"/>
  <testcase classname="APITests" name="getSingleUser" time="6.056"/>
</testsuite> <!-- APITests -->
